<?xml version="1.0" encoding="UTF-8"?>
<!-- Generated by org.testng.reporters.JUnitReportReporter -->
<testsuite skipped="0" hostname="Mohannas-MBP.home" name="com.qa.darksky.test.HomePageTest" tests="4" failures="0" timestamp="2020-08-09T23:31:01 EDT" time="6.330" errors="0">
  <testcase name="verifyPageTitleTest" time="5.019" classname="com.qa.darksky.test.HomePageTest"/>
  <system-out/>
  <testcase name="verifyFindMyCityTest" time="1.097" classname="com.qa.darksky.test.HomePageTest"/>
  <system-out/>
  <testcase name="verifyTemprTest" time="0.178" classname="com.qa.darksky.test.HomePageTest"/>
  <system-out/>
  <testcase name="verifydisplayed" time="0.036" classname="com.qa.darksky.test.HomePageTest"/>
  <system-out/>
</testsuite> <!-- com.qa.darksky.test.HomePageTest -->
